<?xml version="1.0" encoding="UTF-8"?>
<!-- Generated by org.testng.reporters.JUnitXMLReporter -->
<testsuite ignored="0" hostname="DESKTOP-TFS32G0" failures="0" tests="6" name="Default test" time="0.238" errors="0" timestamp="05 Nov 2022 06:06:55 GMT">
  <testcase classname="org.swiggy.scenario.Sample" name="me2" time="0.024"/>
  <testcase classname="org.swiggy.scenario.Sample" name="me1" time="0.096"/>
  <testcase classname="org.swiggy.scenario.Sample" name="me" time="0.004"/>
  <testcase classname="org.swiggy.scenario.Sample" name="news" time="0.006"/>
  <testcase classname="org.swiggy.scenario.Sample" name="mee" time="0.004"/>
  <testcase classname="org.swiggy.scenario.Sample" name="meee" time="0.007"/>
</testsuite> <!-- Default test -->
