<?xml version="1.0" encoding="UTF-8"?>
<!-- Generated by org.testng.reporters.JUnitXMLReporter -->
<testsuite ignored="2" hostname="DESKTOP-TFS32G0" failures="1" tests="26" name="Test" time="0.255" errors="0" timestamp="05 Nov 2022 06:43:45 GMT">
  <testcase classname="org.swiggy.scenario.Sample2" name="me2" time="0.005"/>
  <testcase classname="org.swiggy.scenario.Sample" name="me2" time="0.033"/>
  <testcase classname="org.swiggy.scenario.Sample2" name="me1" time="0.0"/>
  <testcase classname="org.swiggy.scenario.Sample" name="me1" time="0.057"/>
  <testcase classname="org.swiggy.scenario.Sample" name="news" time="0.001"/>
  <testcase classname="org.swiggy.scenario.Sample2" name="me" time="0.001"/>
  <testcase classname="org.swiggy.scenario.Sample2" name="news" time="0.0"/>
  <testcase classname="org.swiggy.scenario.Sample2" name="newss" time="0.0"/>
  <testcase classname="org.swiggy.scenario.retryClass" name="test" time="0.004"/>
  <testcase classname="org.swiggy.scenario.retryClass" name="test" time="0.002">
    <skipped/>
  </testcase> <!-- test -->
  <testcase classname="org.swiggy.scenario.retryClass" name="test" time="0.0">
    <skipped/>
  </testcase> <!-- test -->
  <testcase classname="org.swiggy.scenario.retryClass" name="test" time="0.001">
    <skipped/>
  </testcase> <!-- test -->
  <testcase classname="org.swiggy.scenario.retryClass" name="test" time="0.0">
    <skipped/>
  </testcase> <!-- test -->
  <testcase classname="org.swiggy.scenario.retryClass" name="test" time="0.0">
    <skipped/>
  </testcase> <!-- test -->
  <testcase classname="org.swiggy.scenario.retryClass" name="test" time="0.0">
    <failure type="java.lang.AssertionError" message="expected [true] but found [false]">
      <![CDATA[java.lang.AssertionError: expected [true] but found [false]
at org.swiggy.scenario.retryClass.test(retryClass.java:31)
at java.base/java.util.concurrent.ThreadPoolExecutor.runWorker(ThreadPoolExecutor.java:1130)
at java.base/java.util.concurrent.ThreadPoolExecutor$Worker.run(ThreadPoolExecutor.java:630)
at java.base/java.lang.Thread.run(Thread.java:831)
... Removed 14 stack frames]]>
    </failure>
  </testcase> <!-- test -->
  <testcase classname="org.swiggy.scenario.Sample" name="me" time="0.008"/>
  <testcase classname="org.swiggy.scenario.dataclass" name="ne" time="0.001"/>
  <testcase classname="org.swiggy.scenario.dataclass" name="ne" time="0.0"/>
  <testcase classname="org.swiggy.scenario.dataclass" name="ne" time="0.0"/>
  <testcase classname="org.swiggy.scenario.dataclass" name="testData" time="0.0"/>
  <testcase classname="org.swiggy.scenario.dataclass" name="testData" time="0.0"/>
  <testcase classname="org.swiggy.scenario.dataclass" name="testData" time="0.0"/>
  <testcase classname="org.swiggy.scenario.Sample2" name="mee" time="0.0"/>
  <testcase classname="org.swiggy.scenario.Sample" name="mee" time="0.001"/>
  <testcase classname="org.swiggy.scenario.Sample2" name="meee" time="0.0"/>
  <testcase classname="org.swiggy.scenario.Sample" name="meee" time="0.001"/>
  <testcase classname="org.adacitin.baseclass.CommonUtils" name="@BeforeSuite beforeSuite" time="0.0">
    <ignored/>
  </testcase> <!-- @BeforeSuite beforeSuite -->
  <testcase classname="org.adacitin.baseclass.CommonUtils" name="@AfterSuite endReport" time="0.0">
    <ignored/>
  </testcase> <!-- @AfterSuite endReport -->
</testsuite> <!-- Test -->
