<?xml version="1.0" encoding="UTF-8"?>
<testsuite xmlns:xsi="http://www.w3.org/2001/XMLSchema-instance" xsi:noNamespaceSchemaLocation="https://maven.apache.org/surefire/maven-surefire-plugin/xsd/surefire-test-report-3.0.xsd" version="3.0" name="TestSuite" time="3.813" tests="26" errors="0" skipped="5" failures="1">
  <properties>
[...]
</properties>
  <testcase name="me2" classname="org.swiggy.scenario.Sample2" time="0.002"/>
  <testcase name="me2" classname="org.swiggy.scenario.Sample" time="0.026"/>
  <testcase name="me1" classname="org.swiggy.scenario.Sample2" time="0"/>
  <testcase name="me1" classname="org.swiggy.scenario.Sample" time="0.052"/>
  <testcase name="news" classname="org.swiggy.scenario.Sample" time="0.001"/>
  <testcase name="me" classname="org.swiggy.scenario.Sample2" time="0.001"/>
  <testcase name="news" classname="org.swiggy.scenario.Sample2" time="0.001"/>
  <testcase name="newss" classname="org.swiggy.scenario.Sample2" time="0.001"/>
  <testcase name="test" classname="org.swiggy.scenario.retryClass" time="0.007"/>
  <testcase name="test" classname="org.swiggy.scenario.retryClass" time="0">
    <skipped message="expected [true] but found [false]"/>
  </testcase>
  <testcase name="test" classname="org.swiggy.scenario.retryClass" time="0">
    <skipped message="expected [true] but found [false]"/>
  </testcase>
  <testcase name="test" classname="org.swiggy.scenario.retryClass" time="0">
    <skipped message="expected [true] but found [false]"/>
  </testcase>
  <testcase name="test" classname="org.swiggy.scenario.retryClass" time="0">
    <skipped message="expected [true] but found [false]"/>
  </testcase>
  <testcase name="test" classname="org.swiggy.scenario.retryClass" time="0">
    <skipped message="expected [true] but found [false]"/>
  </testcase>
  <testcase name="test" classname="org.swiggy.scenario.retryClass" time="0.003">
    <failure message="expected [true] but found [false]" type="java.lang.AssertionError">java.lang.AssertionError: expected [true] but found [false]
	at org.swiggy.scenario.retryClass.test(retryClass.java:31)
</failure>
    <system-out><![CDATA[Sat Nov 05 12:13:45 IST 2022
before method
]]></system-out>
  </testcase>
  <testcase name="me" classname="org.swiggy.scenario.Sample" time="0.003"/>
  <testcase name="ne" classname="org.swiggy.scenario.dataclass" time="0.002"/>
  <testcase name="ne" classname="org.swiggy.scenario.dataclass" time="0.002"/>
  <testcase name="ne" classname="org.swiggy.scenario.dataclass" time="0.001"/>
  <testcase name="testData" classname="org.swiggy.scenario.dataclass" time="0.002"/>
  <testcase name="testData" classname="org.swiggy.scenario.dataclass" time="0.005"/>
  <testcase name="testData" classname="org.swiggy.scenario.dataclass" time="0.001"/>
  <testcase name="mee" classname="org.swiggy.scenario.Sample2" time="0.004"/>
  <testcase name="mee" classname="org.swiggy.scenario.Sample" time="0.004"/>
  <testcase name="meee" classname="org.swiggy.scenario.Sample2" time="0.006"/>
  <testcase name="meee" classname="org.swiggy.scenario.Sample" time="0.001"/>
</testsuite>